2025-04-28 18:34:21,507 - INFO - Conexión a MySQL y Selenium iniciadas exitosamente.
2025-04-28 18:34:29,928 - INFO - Popup 'Entendido' cerrado automáticamente.
2025-04-28 18:36:48,835 - ERROR - Error al capturar evento: Message: stale element reference: stale element not found in the current frame
  (Session info: chrome=135.0.7049.115); For documentation on this error, please visit: https://www.selenium.dev/documentation/webdriver/troubleshooting/errors#stale-element-reference-exception
Stacktrace:
	GetHandleVerifier [0x00007FF7098E5355+78597]
	GetHandleVerifier [0x00007FF7098E53B0+78688]
	(No symbol) [0x00007FF7096991AA]
	(No symbol) [0x00007FF7096A0ABC]
	(No symbol) [0x00007FF7096A3EAC]
	(No symbol) [0x00007FF7097404AB]
	(No symbol) [0x00007FF7097170EA]
	(No symbol) [0x00007FF70973F2BB]
	(No symbol) [0x00007FF709716EC3]
	(No symbol) [0x00007FF7096E03F8]
	(No symbol) [0x00007FF7096E1163]
	GetHandleVerifier [0x00007FF709B8EF0D+2870973]
	GetHandleVerifier [0x00007FF709B896B8+2848360]
	GetHandleVerifier [0x00007FF709BA6993+2967875]
	GetHandleVerifier [0x00007FF70990019A+188746]
	GetHandleVerifier [0x00007FF70990847F+222255]
	GetHandleVerifier [0x00007FF7098ED2D4+111236]
	GetHandleVerifier [0x00007FF7098ED482+111666]
	GetHandleVerifier [0x00007FF7098D35A9+5465]
	BaseThreadInitThunk [0x00007FFB7FC5E8D7+23]
	RtlUserThreadStart [0x00007FFB802714FC+44]

2025-04-28 18:36:48,844 - ERROR - Error al capturar evento: Message: stale element reference: stale element not found in the current frame
  (Session info: chrome=135.0.7049.115); For documentation on this error, please visit: https://www.selenium.dev/documentation/webdriver/troubleshooting/errors#stale-element-reference-exception
Stacktrace:
	GetHandleVerifier [0x00007FF7098E5355+78597]
	GetHandleVerifier [0x00007FF7098E53B0+78688]
	(No symbol) [0x00007FF7096991AA]
	(No symbol) [0x00007FF7096A0ABC]
	(No symbol) [0x00007FF7096A3EAC]
	(No symbol) [0x00007FF7097404AB]
	(No symbol) [0x00007FF7097170EA]
	(No symbol) [0x00007FF70973F2BB]
	(No symbol) [0x00007FF709716EC3]
	(No symbol) [0x00007FF7096E03F8]
	(No symbol) [0x00007FF7096E1163]
	GetHandleVerifier [0x00007FF709B8EF0D+2870973]
	GetHandleVerifier [0x00007FF709B896B8+2848360]
	GetHandleVerifier [0x00007FF709BA6993+2967875]
	GetHandleVerifier [0x00007FF70990019A+188746]
	GetHandleVerifier [0x00007FF70990847F+222255]
	GetHandleVerifier [0x00007FF7098ED2D4+111236]
	GetHandleVerifier [0x00007FF7098ED482+111666]
	GetHandleVerifier [0x00007FF7098D35A9+5465]
	BaseThreadInitThunk [0x00007FFB7FC5E8D7+23]
	RtlUserThreadStart [0x00007FFB802714FC+44]

2025-04-28 18:36:48,844 - ERROR - Error al capturar evento: Message: stale element reference: stale element not found in the current frame
  (Session info: chrome=135.0.7049.115); For documentation on this error, please visit: https://www.selenium.dev/documentation/webdriver/troubleshooting/errors#stale-element-reference-exception
Stacktrace:
	GetHandleVerifier [0x00007FF7098E5355+78597]
	GetHandleVerifier [0x00007FF7098E53B0+78688]
	(No symbol) [0x00007FF7096991AA]
	(No symbol) [0x00007FF7096A0ABC]
	(No symbol) [0x00007FF7096A3EAC]
	(No symbol) [0x00007FF7097404AB]
	(No symbol) [0x00007FF7097170EA]
	(No symbol) [0x00007FF70973F2BB]
	(No symbol) [0x00007FF709716EC3]
	(No symbol) [0x00007FF7096E03F8]
	(No symbol) [0x00007FF7096E1163]
	GetHandleVerifier [0x00007FF709B8EF0D+2870973]
	GetHandleVerifier [0x00007FF709B896B8+2848360]
	GetHandleVerifier [0x00007FF709BA6993+2967875]
	GetHandleVerifier [0x00007FF70990019A+188746]
	GetHandleVerifier [0x00007FF70990847F+222255]
	GetHandleVerifier [0x00007FF7098ED2D4+111236]
	GetHandleVerifier [0x00007FF7098ED482+111666]
	GetHandleVerifier [0x00007FF7098D35A9+5465]
	BaseThreadInitThunk [0x00007FFB7FC5E8D7+23]
	RtlUserThreadStart [0x00007FFB802714FC+44]

2025-04-28 18:36:48,844 - ERROR - Error al capturar evento: Message: stale element reference: stale element not found in the current frame
  (Session info: chrome=135.0.7049.115); For documentation on this error, please visit: https://www.selenium.dev/documentation/webdriver/troubleshooting/errors#stale-element-reference-exception
Stacktrace:
	GetHandleVerifier [0x00007FF7098E5355+78597]
	GetHandleVerifier [0x00007FF7098E53B0+78688]
	(No symbol) [0x00007FF7096991AA]
	(No symbol) [0x00007FF7096A0ABC]
	(No symbol) [0x00007FF7096A3EAC]
	(No symbol) [0x00007FF7097404AB]
	(No symbol) [0x00007FF7097170EA]
	(No symbol) [0x00007FF70973F2BB]
	(No symbol) [0x00007FF709716EC3]
	(No symbol) [0x00007FF7096E03F8]
	(No symbol) [0x00007FF7096E1163]
	GetHandleVerifier [0x00007FF709B8EF0D+2870973]
	GetHandleVerifier [0x00007FF709B896B8+2848360]
	GetHandleVerifier [0x00007FF709BA6993+2967875]
	GetHandleVerifier [0x00007FF70990019A+188746]
	GetHandleVerifier [0x00007FF70990847F+222255]
	GetHandleVerifier [0x00007FF7098ED2D4+111236]
	GetHandleVerifier [0x00007FF7098ED482+111666]
	GetHandleVerifier [0x00007FF7098D35A9+5465]
	BaseThreadInitThunk [0x00007FFB7FC5E8D7+23]
	RtlUserThreadStart [0x00007FFB802714FC+44]

2025-04-28 18:36:48,844 - ERROR - Error al capturar evento: Message: stale element reference: stale element not found in the current frame
  (Session info: chrome=135.0.7049.115); For documentation on this error, please visit: https://www.selenium.dev/documentation/webdriver/troubleshooting/errors#stale-element-reference-exception
Stacktrace:
	GetHandleVerifier [0x00007FF7098E5355+78597]
	GetHandleVerifier [0x00007FF7098E53B0+78688]
	(No symbol) [0x00007FF7096991AA]
	(No symbol) [0x00007FF7096A0ABC]
	(No symbol) [0x00007FF7096A3EAC]
	(No symbol) [0x00007FF7097404AB]
	(No symbol) [0x00007FF7097170EA]
	(No symbol) [0x00007FF70973F2BB]
	(No symbol) [0x00007FF709716EC3]
	(No symbol) [0x00007FF7096E03F8]
	(No symbol) [0x00007FF7096E1163]
	GetHandleVerifier [0x00007FF709B8EF0D+2870973]
	GetHandleVerifier [0x00007FF709B896B8+2848360]
	GetHandleVerifier [0x00007FF709BA6993+2967875]
	GetHandleVerifier [0x00007FF70990019A+188746]
	GetHandleVerifier [0x00007FF70990847F+222255]
	GetHandleVerifier [0x00007FF7098ED2D4+111236]
	GetHandleVerifier [0x00007FF7098ED482+111666]
	GetHandleVerifier [0x00007FF7098D35A9+5465]
	BaseThreadInitThunk [0x00007FFB7FC5E8D7+23]
	RtlUserThreadStart [0x00007FFB802714FC+44]

2025-04-28 18:36:48,844 - ERROR - Error al capturar evento: Message: stale element reference: stale element not found in the current frame
  (Session info: chrome=135.0.7049.115); For documentation on this error, please visit: https://www.selenium.dev/documentation/webdriver/troubleshooting/errors#stale-element-reference-exception
Stacktrace:
	GetHandleVerifier [0x00007FF7098E5355+78597]
	GetHandleVerifier [0x00007FF7098E53B0+78688]
	(No symbol) [0x00007FF7096991AA]
	(No symbol) [0x00007FF7096A0ABC]
	(No symbol) [0x00007FF7096A3EAC]
	(No symbol) [0x00007FF7097404AB]
	(No symbol) [0x00007FF7097170EA]
	(No symbol) [0x00007FF70973F2BB]
	(No symbol) [0x00007FF709716EC3]
	(No symbol) [0x00007FF7096E03F8]
	(No symbol) [0x00007FF7096E1163]
	GetHandleVerifier [0x00007FF709B8EF0D+2870973]
	GetHandleVerifier [0x00007FF709B896B8+2848360]
	GetHandleVerifier [0x00007FF709BA6993+2967875]
	GetHandleVerifier [0x00007FF70990019A+188746]
	GetHandleVerifier [0x00007FF70990847F+222255]
	GetHandleVerifier [0x00007FF7098ED2D4+111236]
	GetHandleVerifier [0x00007FF7098ED482+111666]
	GetHandleVerifier [0x00007FF7098D35A9+5465]
	BaseThreadInitThunk [0x00007FFB7FC5E8D7+23]
	RtlUserThreadStart [0x00007FFB802714FC+44]

2025-04-28 18:36:48,858 - ERROR - Error al capturar evento: Message: stale element reference: stale element not found in the current frame
  (Session info: chrome=135.0.7049.115); For documentation on this error, please visit: https://www.selenium.dev/documentation/webdriver/troubleshooting/errors#stale-element-reference-exception
Stacktrace:
	GetHandleVerifier [0x00007FF7098E5355+78597]
	GetHandleVerifier [0x00007FF7098E53B0+78688]
	(No symbol) [0x00007FF7096991AA]
	(No symbol) [0x00007FF7096A0ABC]
	(No symbol) [0x00007FF7096A3EAC]
	(No symbol) [0x00007FF7097404AB]
	(No symbol) [0x00007FF7097170EA]
	(No symbol) [0x00007FF70973F2BB]
	(No symbol) [0x00007FF709716EC3]
	(No symbol) [0x00007FF7096E03F8]
	(No symbol) [0x00007FF7096E1163]
	GetHandleVerifier [0x00007FF709B8EF0D+2870973]
	GetHandleVerifier [0x00007FF709B896B8+2848360]
	GetHandleVerifier [0x00007FF709BA6993+2967875]
	GetHandleVerifier [0x00007FF70990019A+188746]
	GetHandleVerifier [0x00007FF70990847F+222255]
	GetHandleVerifier [0x00007FF7098ED2D4+111236]
	GetHandleVerifier [0x00007FF7098ED482+111666]
	GetHandleVerifier [0x00007FF7098D35A9+5465]
	BaseThreadInitThunk [0x00007FFB7FC5E8D7+23]
	RtlUserThreadStart [0x00007FFB802714FC+44]

2025-04-28 18:36:48,858 - ERROR - Error al capturar evento: Message: stale element reference: stale element not found in the current frame
  (Session info: chrome=135.0.7049.115); For documentation on this error, please visit: https://www.selenium.dev/documentation/webdriver/troubleshooting/errors#stale-element-reference-exception
Stacktrace:
	GetHandleVerifier [0x00007FF7098E5355+78597]
	GetHandleVerifier [0x00007FF7098E53B0+78688]
	(No symbol) [0x00007FF7096991AA]
	(No symbol) [0x00007FF7096A0ABC]
	(No symbol) [0x00007FF7096A3EAC]
	(No symbol) [0x00007FF7097404AB]
	(No symbol) [0x00007FF7097170EA]
	(No symbol) [0x00007FF70973F2BB]
	(No symbol) [0x00007FF709716EC3]
	(No symbol) [0x00007FF7096E03F8]
	(No symbol) [0x00007FF7096E1163]
	GetHandleVerifier [0x00007FF709B8EF0D+2870973]
	GetHandleVerifier [0x00007FF709B896B8+2848360]
	GetHandleVerifier [0x00007FF709BA6993+2967875]
	GetHandleVerifier [0x00007FF70990019A+188746]
	GetHandleVerifier [0x00007FF70990847F+222255]
	GetHandleVerifier [0x00007FF7098ED2D4+111236]
	GetHandleVerifier [0x00007FF7098ED482+111666]
	GetHandleVerifier [0x00007FF7098D35A9+5465]
	BaseThreadInitThunk [0x00007FFB7FC5E8D7+23]
	RtlUserThreadStart [0x00007FFB802714FC+44]

2025-04-28 18:36:48,858 - ERROR - Error al capturar evento: Message: stale element reference: stale element not found in the current frame
  (Session info: chrome=135.0.7049.115); For documentation on this error, please visit: https://www.selenium.dev/documentation/webdriver/troubleshooting/errors#stale-element-reference-exception
Stacktrace:
	GetHandleVerifier [0x00007FF7098E5355+78597]
	GetHandleVerifier [0x00007FF7098E53B0+78688]
	(No symbol) [0x00007FF7096991AA]
	(No symbol) [0x00007FF7096A0ABC]
	(No symbol) [0x00007FF7096A3EAC]
	(No symbol) [0x00007FF7097404AB]
	(No symbol) [0x00007FF7097170EA]
	(No symbol) [0x00007FF70973F2BB]
	(No symbol) [0x00007FF709716EC3]
	(No symbol) [0x00007FF7096E03F8]
	(No symbol) [0x00007FF7096E1163]
	GetHandleVerifier [0x00007FF709B8EF0D+2870973]
	GetHandleVerifier [0x00007FF709B896B8+2848360]
	GetHandleVerifier [0x00007FF709BA6993+2967875]
	GetHandleVerifier [0x00007FF70990019A+188746]
	GetHandleVerifier [0x00007FF70990847F+222255]
	GetHandleVerifier [0x00007FF7098ED2D4+111236]
	GetHandleVerifier [0x00007FF7098ED482+111666]
	GetHandleVerifier [0x00007FF7098D35A9+5465]
	BaseThreadInitThunk [0x00007FFB7FC5E8D7+23]
	RtlUserThreadStart [0x00007FFB802714FC+44]

2025-04-28 18:36:48,858 - ERROR - Error al capturar evento: Message: stale element reference: stale element not found in the current frame
  (Session info: chrome=135.0.7049.115); For documentation on this error, please visit: https://www.selenium.dev/documentation/webdriver/troubleshooting/errors#stale-element-reference-exception
Stacktrace:
	GetHandleVerifier [0x00007FF7098E5355+78597]
	GetHandleVerifier [0x00007FF7098E53B0+78688]
	(No symbol) [0x00007FF7096991AA]
	(No symbol) [0x00007FF7096A0ABC]
	(No symbol) [0x00007FF7096A3EAC]
	(No symbol) [0x00007FF7097404AB]
	(No symbol) [0x00007FF7097170EA]
	(No symbol) [0x00007FF70973F2BB]
	(No symbol) [0x00007FF709716EC3]
	(No symbol) [0x00007FF7096E03F8]
	(No symbol) [0x00007FF7096E1163]
	GetHandleVerifier [0x00007FF709B8EF0D+2870973]
	GetHandleVerifier [0x00007FF709B896B8+2848360]
	GetHandleVerifier [0x00007FF709BA6993+2967875]
	GetHandleVerifier [0x00007FF70990019A+188746]
	GetHandleVerifier [0x00007FF70990847F+222255]
	GetHandleVerifier [0x00007FF7098ED2D4+111236]
	GetHandleVerifier [0x00007FF7098ED482+111666]
	GetHandleVerifier [0x00007FF7098D35A9+5465]
	BaseThreadInitThunk [0x00007FFB7FC5E8D7+23]
	RtlUserThreadStart [0x00007FFB802714FC+44]

2025-04-28 18:36:48,875 - ERROR - Error al capturar evento: Message: stale element reference: stale element not found in the current frame
  (Session info: chrome=135.0.7049.115); For documentation on this error, please visit: https://www.selenium.dev/documentation/webdriver/troubleshooting/errors#stale-element-reference-exception
Stacktrace:
	GetHandleVerifier [0x00007FF7098E5355+78597]
	GetHandleVerifier [0x00007FF7098E53B0+78688]
	(No symbol) [0x00007FF7096991AA]
	(No symbol) [0x00007FF7096A0ABC]
	(No symbol) [0x00007FF7096A3EAC]
	(No symbol) [0x00007FF7097404AB]
	(No symbol) [0x00007FF7097170EA]
	(No symbol) [0x00007FF70973F2BB]
	(No symbol) [0x00007FF709716EC3]
	(No symbol) [0x00007FF7096E03F8]
	(No symbol) [0x00007FF7096E1163]
	GetHandleVerifier [0x00007FF709B8EF0D+2870973]
	GetHandleVerifier [0x00007FF709B896B8+2848360]
	GetHandleVerifier [0x00007FF709BA6993+2967875]
	GetHandleVerifier [0x00007FF70990019A+188746]
	GetHandleVerifier [0x00007FF70990847F+222255]
	GetHandleVerifier [0x00007FF7098ED2D4+111236]
	GetHandleVerifier [0x00007FF7098ED482+111666]
	GetHandleVerifier [0x00007FF7098D35A9+5465]
	BaseThreadInitThunk [0x00007FFB7FC5E8D7+23]
	RtlUserThreadStart [0x00007FFB802714FC+44]

2025-04-28 18:36:48,875 - ERROR - Error al capturar evento: Message: stale element reference: stale element not found in the current frame
  (Session info: chrome=135.0.7049.115); For documentation on this error, please visit: https://www.selenium.dev/documentation/webdriver/troubleshooting/errors#stale-element-reference-exception
Stacktrace:
	GetHandleVerifier [0x00007FF7098E5355+78597]
	GetHandleVerifier [0x00007FF7098E53B0+78688]
	(No symbol) [0x00007FF7096991AA]
	(No symbol) [0x00007FF7096A0ABC]
	(No symbol) [0x00007FF7096A3EAC]
	(No symbol) [0x00007FF7097404AB]
	(No symbol) [0x00007FF7097170EA]
	(No symbol) [0x00007FF70973F2BB]
	(No symbol) [0x00007FF709716EC3]
	(No symbol) [0x00007FF7096E03F8]
	(No symbol) [0x00007FF7096E1163]
	GetHandleVerifier [0x00007FF709B8EF0D+2870973]
	GetHandleVerifier [0x00007FF709B896B8+2848360]
	GetHandleVerifier [0x00007FF709BA6993+2967875]
	GetHandleVerifier [0x00007FF70990019A+188746]
	GetHandleVerifier [0x00007FF70990847F+222255]
	GetHandleVerifier [0x00007FF7098ED2D4+111236]
	GetHandleVerifier [0x00007FF7098ED482+111666]
	GetHandleVerifier [0x00007FF7098D35A9+5465]
	BaseThreadInitThunk [0x00007FFB7FC5E8D7+23]
	RtlUserThreadStart [0x00007FFB802714FC+44]

2025-04-28 18:36:48,875 - ERROR - Error al capturar evento: Message: stale element reference: stale element not found in the current frame
  (Session info: chrome=135.0.7049.115); For documentation on this error, please visit: https://www.selenium.dev/documentation/webdriver/troubleshooting/errors#stale-element-reference-exception
Stacktrace:
	GetHandleVerifier [0x00007FF7098E5355+78597]
	GetHandleVerifier [0x00007FF7098E53B0+78688]
	(No symbol) [0x00007FF7096991AA]
	(No symbol) [0x00007FF7096A0ABC]
	(No symbol) [0x00007FF7096A3EAC]
	(No symbol) [0x00007FF7097404AB]
	(No symbol) [0x00007FF7097170EA]
	(No symbol) [0x00007FF70973F2BB]
	(No symbol) [0x00007FF709716EC3]
	(No symbol) [0x00007FF7096E03F8]
	(No symbol) [0x00007FF7096E1163]
	GetHandleVerifier [0x00007FF709B8EF0D+2870973]
	GetHandleVerifier [0x00007FF709B896B8+2848360]
	GetHandleVerifier [0x00007FF709BA6993+2967875]
	GetHandleVerifier [0x00007FF70990019A+188746]
	GetHandleVerifier [0x00007FF70990847F+222255]
	GetHandleVerifier [0x00007FF7098ED2D4+111236]
	GetHandleVerifier [0x00007FF7098ED482+111666]
	GetHandleVerifier [0x00007FF7098D35A9+5465]
	BaseThreadInitThunk [0x00007FFB7FC5E8D7+23]
	RtlUserThreadStart [0x00007FFB802714FC+44]

2025-04-28 18:36:48,875 - ERROR - Error al capturar evento: Message: stale element reference: stale element not found in the current frame
  (Session info: chrome=135.0.7049.115); For documentation on this error, please visit: https://www.selenium.dev/documentation/webdriver/troubleshooting/errors#stale-element-reference-exception
Stacktrace:
	GetHandleVerifier [0x00007FF7098E5355+78597]
	GetHandleVerifier [0x00007FF7098E53B0+78688]
	(No symbol) [0x00007FF7096991AA]
	(No symbol) [0x00007FF7096A0ABC]
	(No symbol) [0x00007FF7096A3EAC]
	(No symbol) [0x00007FF7097404AB]
	(No symbol) [0x00007FF7097170EA]
	(No symbol) [0x00007FF70973F2BB]
	(No symbol) [0x00007FF709716EC3]
	(No symbol) [0x00007FF7096E03F8]
	(No symbol) [0x00007FF7096E1163]
	GetHandleVerifier [0x00007FF709B8EF0D+2870973]
	GetHandleVerifier [0x00007FF709B896B8+2848360]
	GetHandleVerifier [0x00007FF709BA6993+2967875]
	GetHandleVerifier [0x00007FF70990019A+188746]
	GetHandleVerifier [0x00007FF70990847F+222255]
	GetHandleVerifier [0x00007FF7098ED2D4+111236]
	GetHandleVerifier [0x00007FF7098ED482+111666]
	GetHandleVerifier [0x00007FF7098D35A9+5465]
	BaseThreadInitThunk [0x00007FFB7FC5E8D7+23]
	RtlUserThreadStart [0x00007FFB802714FC+44]

2025-04-28 18:36:48,875 - ERROR - Error al capturar evento: Message: stale element reference: stale element not found in the current frame
  (Session info: chrome=135.0.7049.115); For documentation on this error, please visit: https://www.selenium.dev/documentation/webdriver/troubleshooting/errors#stale-element-reference-exception
Stacktrace:
	GetHandleVerifier [0x00007FF7098E5355+78597]
	GetHandleVerifier [0x00007FF7098E53B0+78688]
	(No symbol) [0x00007FF7096991AA]
	(No symbol) [0x00007FF7096A0ABC]
	(No symbol) [0x00007FF7096A3EAC]
	(No symbol) [0x00007FF7097404AB]
	(No symbol) [0x00007FF7097170EA]
	(No symbol) [0x00007FF70973F2BB]
	(No symbol) [0x00007FF709716EC3]
	(No symbol) [0x00007FF7096E03F8]
	(No symbol) [0x00007FF7096E1163]
	GetHandleVerifier [0x00007FF709B8EF0D+2870973]
	GetHandleVerifier [0x00007FF709B896B8+2848360]
	GetHandleVerifier [0x00007FF709BA6993+2967875]
	GetHandleVerifier [0x00007FF70990019A+188746]
	GetHandleVerifier [0x00007FF70990847F+222255]
	GetHandleVerifier [0x00007FF7098ED2D4+111236]
	GetHandleVerifier [0x00007FF7098ED482+111666]
	GetHandleVerifier [0x00007FF7098D35A9+5465]
	BaseThreadInitThunk [0x00007FFB7FC5E8D7+23]
	RtlUserThreadStart [0x00007FFB802714FC+44]

2025-04-28 18:36:48,891 - ERROR - Error al capturar evento: Message: stale element reference: stale element not found in the current frame
  (Session info: chrome=135.0.7049.115); For documentation on this error, please visit: https://www.selenium.dev/documentation/webdriver/troubleshooting/errors#stale-element-reference-exception
Stacktrace:
	GetHandleVerifier [0x00007FF7098E5355+78597]
	GetHandleVerifier [0x00007FF7098E53B0+78688]
	(No symbol) [0x00007FF7096991AA]
	(No symbol) [0x00007FF7096A0ABC]
	(No symbol) [0x00007FF7096A3EAC]
	(No symbol) [0x00007FF7097404AB]
	(No symbol) [0x00007FF7097170EA]
	(No symbol) [0x00007FF70973F2BB]
	(No symbol) [0x00007FF709716EC3]
	(No symbol) [0x00007FF7096E03F8]
	(No symbol) [0x00007FF7096E1163]
	GetHandleVerifier [0x00007FF709B8EF0D+2870973]
	GetHandleVerifier [0x00007FF709B896B8+2848360]
	GetHandleVerifier [0x00007FF709BA6993+2967875]
	GetHandleVerifier [0x00007FF70990019A+188746]
	GetHandleVerifier [0x00007FF70990847F+222255]
	GetHandleVerifier [0x00007FF7098ED2D4+111236]
	GetHandleVerifier [0x00007FF7098ED482+111666]
	GetHandleVerifier [0x00007FF7098D35A9+5465]
	BaseThreadInitThunk [0x00007FFB7FC5E8D7+23]
	RtlUserThreadStart [0x00007FFB802714FC+44]

2025-04-28 18:36:48,891 - ERROR - Error al capturar evento: Message: stale element reference: stale element not found in the current frame
  (Session info: chrome=135.0.7049.115); For documentation on this error, please visit: https://www.selenium.dev/documentation/webdriver/troubleshooting/errors#stale-element-reference-exception
Stacktrace:
	GetHandleVerifier [0x00007FF7098E5355+78597]
	GetHandleVerifier [0x00007FF7098E53B0+78688]
	(No symbol) [0x00007FF7096991AA]
	(No symbol) [0x00007FF7096A0ABC]
	(No symbol) [0x00007FF7096A3EAC]
	(No symbol) [0x00007FF7097404AB]
	(No symbol) [0x00007FF7097170EA]
	(No symbol) [0x00007FF70973F2BB]
	(No symbol) [0x00007FF709716EC3]
	(No symbol) [0x00007FF7096E03F8]
	(No symbol) [0x00007FF7096E1163]
	GetHandleVerifier [0x00007FF709B8EF0D+2870973]
	GetHandleVerifier [0x00007FF709B896B8+2848360]
	GetHandleVerifier [0x00007FF709BA6993+2967875]
	GetHandleVerifier [0x00007FF70990019A+188746]
	GetHandleVerifier [0x00007FF70990847F+222255]
	GetHandleVerifier [0x00007FF7098ED2D4+111236]
	GetHandleVerifier [0x00007FF7098ED482+111666]
	GetHandleVerifier [0x00007FF7098D35A9+5465]
	BaseThreadInitThunk [0x00007FFB7FC5E8D7+23]
	RtlUserThreadStart [0x00007FFB802714FC+44]

2025-04-28 18:36:48,891 - ERROR - Error al capturar evento: Message: stale element reference: stale element not found in the current frame
  (Session info: chrome=135.0.7049.115); For documentation on this error, please visit: https://www.selenium.dev/documentation/webdriver/troubleshooting/errors#stale-element-reference-exception
Stacktrace:
	GetHandleVerifier [0x00007FF7098E5355+78597]
	GetHandleVerifier [0x00007FF7098E53B0+78688]
	(No symbol) [0x00007FF7096991AA]
	(No symbol) [0x00007FF7096A0ABC]
	(No symbol) [0x00007FF7096A3EAC]
	(No symbol) [0x00007FF7097404AB]
	(No symbol) [0x00007FF7097170EA]
	(No symbol) [0x00007FF70973F2BB]
	(No symbol) [0x00007FF709716EC3]
	(No symbol) [0x00007FF7096E03F8]
	(No symbol) [0x00007FF7096E1163]
	GetHandleVerifier [0x00007FF709B8EF0D+2870973]
	GetHandleVerifier [0x00007FF709B896B8+2848360]
	GetHandleVerifier [0x00007FF709BA6993+2967875]
	GetHandleVerifier [0x00007FF70990019A+188746]
	GetHandleVerifier [0x00007FF70990847F+222255]
	GetHandleVerifier [0x00007FF7098ED2D4+111236]
	GetHandleVerifier [0x00007FF7098ED482+111666]
	GetHandleVerifier [0x00007FF7098D35A9+5465]
	BaseThreadInitThunk [0x00007FFB7FC5E8D7+23]
	RtlUserThreadStart [0x00007FFB802714FC+44]

2025-04-28 18:36:48,891 - ERROR - Error al capturar evento: Message: stale element reference: stale element not found in the current frame
  (Session info: chrome=135.0.7049.115); For documentation on this error, please visit: https://www.selenium.dev/documentation/webdriver/troubleshooting/errors#stale-element-reference-exception
Stacktrace:
	GetHandleVerifier [0x00007FF7098E5355+78597]
	GetHandleVerifier [0x00007FF7098E53B0+78688]
	(No symbol) [0x00007FF7096991AA]
	(No symbol) [0x00007FF7096A0ABC]
	(No symbol) [0x00007FF7096A3EAC]
	(No symbol) [0x00007FF7097404AB]
	(No symbol) [0x00007FF7097170EA]
	(No symbol) [0x00007FF70973F2BB]
	(No symbol) [0x00007FF709716EC3]
	(No symbol) [0x00007FF7096E03F8]
	(No symbol) [0x00007FF7096E1163]
	GetHandleVerifier [0x00007FF709B8EF0D+2870973]
	GetHandleVerifier [0x00007FF709B896B8+2848360]
	GetHandleVerifier [0x00007FF709BA6993+2967875]
	GetHandleVerifier [0x00007FF70990019A+188746]
	GetHandleVerifier [0x00007FF70990847F+222255]
	GetHandleVerifier [0x00007FF7098ED2D4+111236]
	GetHandleVerifier [0x00007FF7098ED482+111666]
	GetHandleVerifier [0x00007FF7098D35A9+5465]
	BaseThreadInitThunk [0x00007FFB7FC5E8D7+23]
	RtlUserThreadStart [0x00007FFB802714FC+44]

2025-04-28 18:36:48,891 - ERROR - Error al capturar evento: Message: stale element reference: stale element not found in the current frame
  (Session info: chrome=135.0.7049.115); For documentation on this error, please visit: https://www.selenium.dev/documentation/webdriver/troubleshooting/errors#stale-element-reference-exception
Stacktrace:
	GetHandleVerifier [0x00007FF7098E5355+78597]
	GetHandleVerifier [0x00007FF7098E53B0+78688]
	(No symbol) [0x00007FF7096991AA]
	(No symbol) [0x00007FF7096A0ABC]
	(No symbol) [0x00007FF7096A3EAC]
	(No symbol) [0x00007FF7097404AB]
	(No symbol) [0x00007FF7097170EA]
	(No symbol) [0x00007FF70973F2BB]
	(No symbol) [0x00007FF709716EC3]
	(No symbol) [0x00007FF7096E03F8]
	(No symbol) [0x00007FF7096E1163]
	GetHandleVerifier [0x00007FF709B8EF0D+2870973]
	GetHandleVerifier [0x00007FF709B896B8+2848360]
	GetHandleVerifier [0x00007FF709BA6993+2967875]
	GetHandleVerifier [0x00007FF70990019A+188746]
	GetHandleVerifier [0x00007FF70990847F+222255]
	GetHandleVerifier [0x00007FF7098ED2D4+111236]
	GetHandleVerifier [0x00007FF7098ED482+111666]
	GetHandleVerifier [0x00007FF7098D35A9+5465]
	BaseThreadInitThunk [0x00007FFB7FC5E8D7+23]
	RtlUserThreadStart [0x00007FFB802714FC+44]

2025-04-28 18:36:48,908 - ERROR - Error al capturar evento: Message: stale element reference: stale element not found in the current frame
  (Session info: chrome=135.0.7049.115); For documentation on this error, please visit: https://www.selenium.dev/documentation/webdriver/troubleshooting/errors#stale-element-reference-exception
Stacktrace:
	GetHandleVerifier [0x00007FF7098E5355+78597]
	GetHandleVerifier [0x00007FF7098E53B0+78688]
	(No symbol) [0x00007FF7096991AA]
	(No symbol) [0x00007FF7096A0ABC]
	(No symbol) [0x00007FF7096A3EAC]
	(No symbol) [0x00007FF7097404AB]
	(No symbol) [0x00007FF7097170EA]
	(No symbol) [0x00007FF70973F2BB]
	(No symbol) [0x00007FF709716EC3]
	(No symbol) [0x00007FF7096E03F8]
	(No symbol) [0x00007FF7096E1163]
	GetHandleVerifier [0x00007FF709B8EF0D+2870973]
	GetHandleVerifier [0x00007FF709B896B8+2848360]
	GetHandleVerifier [0x00007FF709BA6993+2967875]
	GetHandleVerifier [0x00007FF70990019A+188746]
	GetHandleVerifier [0x00007FF70990847F+222255]
	GetHandleVerifier [0x00007FF7098ED2D4+111236]
	GetHandleVerifier [0x00007FF7098ED482+111666]
	GetHandleVerifier [0x00007FF7098D35A9+5465]
	BaseThreadInitThunk [0x00007FFB7FC5E8D7+23]
	RtlUserThreadStart [0x00007FFB802714FC+44]

2025-04-28 18:36:48,908 - ERROR - Error al capturar evento: Message: stale element reference: stale element not found in the current frame
  (Session info: chrome=135.0.7049.115); For documentation on this error, please visit: https://www.selenium.dev/documentation/webdriver/troubleshooting/errors#stale-element-reference-exception
Stacktrace:
	GetHandleVerifier [0x00007FF7098E5355+78597]
	GetHandleVerifier [0x00007FF7098E53B0+78688]
	(No symbol) [0x00007FF7096991AA]
	(No symbol) [0x00007FF7096A0ABC]
	(No symbol) [0x00007FF7096A3EAC]
	(No symbol) [0x00007FF7097404AB]
	(No symbol) [0x00007FF7097170EA]
	(No symbol) [0x00007FF70973F2BB]
	(No symbol) [0x00007FF709716EC3]
	(No symbol) [0x00007FF7096E03F8]
	(No symbol) [0x00007FF7096E1163]
	GetHandleVerifier [0x00007FF709B8EF0D+2870973]
	GetHandleVerifier [0x00007FF709B896B8+2848360]
	GetHandleVerifier [0x00007FF709BA6993+2967875]
	GetHandleVerifier [0x00007FF70990019A+188746]
	GetHandleVerifier [0x00007FF70990847F+222255]
	GetHandleVerifier [0x00007FF7098ED2D4+111236]
	GetHandleVerifier [0x00007FF7098ED482+111666]
	GetHandleVerifier [0x00007FF7098D35A9+5465]
	BaseThreadInitThunk [0x00007FFB7FC5E8D7+23]
	RtlUserThreadStart [0x00007FFB802714FC+44]

2025-04-28 18:36:48,908 - ERROR - Error al capturar evento: Message: stale element reference: stale element not found in the current frame
  (Session info: chrome=135.0.7049.115); For documentation on this error, please visit: https://www.selenium.dev/documentation/webdriver/troubleshooting/errors#stale-element-reference-exception
Stacktrace:
	GetHandleVerifier [0x00007FF7098E5355+78597]
	GetHandleVerifier [0x00007FF7098E53B0+78688]
	(No symbol) [0x00007FF7096991AA]
	(No symbol) [0x00007FF7096A0ABC]
	(No symbol) [0x00007FF7096A3EAC]
	(No symbol) [0x00007FF7097404AB]
	(No symbol) [0x00007FF7097170EA]
	(No symbol) [0x00007FF70973F2BB]
	(No symbol) [0x00007FF709716EC3]
	(No symbol) [0x00007FF7096E03F8]
	(No symbol) [0x00007FF7096E1163]
	GetHandleVerifier [0x00007FF709B8EF0D+2870973]
	GetHandleVerifier [0x00007FF709B896B8+2848360]
	GetHandleVerifier [0x00007FF709BA6993+2967875]
	GetHandleVerifier [0x00007FF70990019A+188746]
	GetHandleVerifier [0x00007FF70990847F+222255]
	GetHandleVerifier [0x00007FF7098ED2D4+111236]
	GetHandleVerifier [0x00007FF7098ED482+111666]
	GetHandleVerifier [0x00007FF7098D35A9+5465]
	BaseThreadInitThunk [0x00007FFB7FC5E8D7+23]
	RtlUserThreadStart [0x00007FFB802714FC+44]

2025-04-28 18:36:48,908 - ERROR - Error al capturar evento: Message: stale element reference: stale element not found in the current frame
  (Session info: chrome=135.0.7049.115); For documentation on this error, please visit: https://www.selenium.dev/documentation/webdriver/troubleshooting/errors#stale-element-reference-exception
Stacktrace:
	GetHandleVerifier [0x00007FF7098E5355+78597]
	GetHandleVerifier [0x00007FF7098E53B0+78688]
	(No symbol) [0x00007FF7096991AA]
	(No symbol) [0x00007FF7096A0ABC]
	(No symbol) [0x00007FF7096A3EAC]
	(No symbol) [0x00007FF7097404AB]
	(No symbol) [0x00007FF7097170EA]
	(No symbol) [0x00007FF70973F2BB]
	(No symbol) [0x00007FF709716EC3]
	(No symbol) [0x00007FF7096E03F8]
	(No symbol) [0x00007FF7096E1163]
	GetHandleVerifier [0x00007FF709B8EF0D+2870973]
	GetHandleVerifier [0x00007FF709B896B8+2848360]
	GetHandleVerifier [0x00007FF709BA6993+2967875]
	GetHandleVerifier [0x00007FF70990019A+188746]
	GetHandleVerifier [0x00007FF70990847F+222255]
	GetHandleVerifier [0x00007FF7098ED2D4+111236]
	GetHandleVerifier [0x00007FF7098ED482+111666]
	GetHandleVerifier [0x00007FF7098D35A9+5465]
	BaseThreadInitThunk [0x00007FFB7FC5E8D7+23]
	RtlUserThreadStart [0x00007FFB802714FC+44]

2025-04-28 18:38:36,268 - INFO - Conexión a MySQL y Selenium iniciadas exitosamente.
2025-04-28 18:38:44,466 - INFO - Popup 'Entendido' cerrado automáticamente.
2025-04-28 18:49:54,406 - INFO - Conexión a MySQL y Selenium iniciadas exitosamente.
2025-04-28 18:50:02,857 - INFO - Popup 'Entendido' cerrado automáticamente.
2025-04-28 18:53:40,679 - INFO - Conexión a MySQL y Selenium iniciadas exitosamente.
